<?xml version="1.0" encoding="UTF-8"?>
<!-- Generated by org.testng.reporters.JUnitXMLReporter -->
<testsuite ignored="0" hostname="LAPTOP-ALLOTLPS" failures="0" tests="3" name="ProjectElearning360" time="19.479" errors="0" timestamp="2024-06-27T15:08:56 ICT">
  <testcase classname="com.itlearn.testcases.SearchTest" name="trueAccountLogin" time="1.56"/>
  <testcase classname="com.itlearn.testcases.SearchTest" name="verifySearch" time="7.77"/>
  <testcase classname="com.itlearn.testcases.SearchTest" name="verifySearch" time="6.043"/>
</testsuite> <!-- ProjectElearning360 -->
