<?xml version="1.0" encoding="UTF-8"?>
<testng-results ignored="0" total="6" passed="6" failed="0" skipped="0">
  <reporter-output>
  </reporter-output>
  <suite started-at="2024-07-03T13:49:45 ICT" name="All Test Suite" finished-at="2024-07-03T13:50:06 ICT" duration-ms="20746">
    <groups>
    </groups>
    <test started-at="2024-07-03T13:49:45 ICT" name="C:/Users/ADMIN/IdeaProjects/ProjectElearning360" finished-at="2024-07-03T13:50:06 ICT" duration-ms="20746">
      <class name="com.itlearn.testcases.LoginTest">
        <test-method is-config="true" signature="setUp()[pri:0, instance:com.itlearn.testcases.LoginTest@24fabd0f]" started-at="2024-07-03T13:49:45 ICT" name="setUp" finished-at="2024-07-03T13:49:50 ICT" duration-ms="4365" status="PASS">
          <reporter-output>
          </reporter-output>
        </test-method> <!-- setUp -->
        <test-method signature="verifyLogin(java.lang.String,java.lang.String,java.lang.String)[pri:0, instance:com.itlearn.testcases.LoginTest@24fabd0f]" started-at="2024-07-03T13:49:50 ICT" name="verifyLogin" data-provider="loginDataProvider" finished-at="2024-07-03T13:49:55 ICT" duration-ms="4720" status="PASS">
          <params>
            <param index="0">
              <value>
                <![CDATA[ravi@dhiyotech.in]]>
              </value>
            </param>
            <param index="1">
              <value>
                <![CDATA[Demo]]>
              </value>
            </param>
            <param index="2">
              <value>
                <![CDATA[right]]>
              </value>
            </param>
          </params>
          <reporter-output>
          </reporter-output>
        </test-method> <!-- verifyLogin -->
        <test-method signature="verifyLogin(java.lang.String,java.lang.String,java.lang.String)[pri:0, instance:com.itlearn.testcases.LoginTest@24fabd0f]" started-at="2024-07-03T13:49:55 ICT" name="verifyLogin" data-provider="loginDataProvider" finished-at="2024-07-03T13:49:57 ICT" duration-ms="2218" status="PASS">
          <params>
            <param index="0">
              <value>
                <![CDATA[infotek@solutions.com]]>
              </value>
            </param>
            <param index="1">
              <value>
                <![CDATA[Demo]]>
              </value>
            </param>
            <param index="2">
              <value>
                <![CDATA[wrong email]]>
              </value>
            </param>
          </params>
          <reporter-output>
          </reporter-output>
        </test-method> <!-- verifyLogin -->
        <test-method signature="verifyLogin(java.lang.String,java.lang.String,java.lang.String)[pri:0, instance:com.itlearn.testcases.LoginTest@24fabd0f]" started-at="2024-07-03T13:49:57 ICT" name="verifyLogin" data-provider="loginDataProvider" finished-at="2024-07-03T13:49:59 ICT" duration-ms="2396" status="PASS">
          <params>
            <param index="0">
              <value>
                <![CDATA[ravi@dhiyotech.in]]>
              </value>
            </param>
            <param index="1">
              <value>
                <![CDATA[deno123]]>
              </value>
            </param>
            <param index="2">
              <value>
                <![CDATA[wrong pass]]>
              </value>
            </param>
          </params>
          <reporter-output>
          </reporter-output>
        </test-method> <!-- verifyLogin -->
        <test-method signature="verifyLogin(java.lang.String,java.lang.String,java.lang.String)[pri:0, instance:com.itlearn.testcases.LoginTest@24fabd0f]" started-at="2024-07-03T13:49:59 ICT" name="verifyLogin" data-provider="loginDataProvider" finished-at="2024-07-03T13:50:01 ICT" duration-ms="2194" status="PASS">
          <params>
            <param index="0">
              <value>
                <![CDATA[ravi@dhiyotech.in]]>
              </value>
            </param>
            <param index="1">
              <value>
                <![CDATA[]]>
              </value>
            </param>
            <param index="2">
              <value>
                <![CDATA[wrong pass]]>
              </value>
            </param>
          </params>
          <reporter-output>
          </reporter-output>
        </test-method> <!-- verifyLogin -->
        <test-method signature="verifyLogin(java.lang.String,java.lang.String,java.lang.String)[pri:0, instance:com.itlearn.testcases.LoginTest@24fabd0f]" started-at="2024-07-03T13:50:01 ICT" name="verifyLogin" data-provider="loginDataProvider" finished-at="2024-07-03T13:50:04 ICT" duration-ms="2174" status="PASS">
          <params>
            <param index="0">
              <value>
                <![CDATA[ravi@dhiyotech.in]]>
              </value>
            </param>
            <param index="1">
              <value>
                <![CDATA[123]]>
              </value>
            </param>
            <param index="2">
              <value>
                <![CDATA[wrong pass]]>
              </value>
            </param>
          </params>
          <reporter-output>
          </reporter-output>
        </test-method> <!-- verifyLogin -->
        <test-method signature="verifyLogin(java.lang.String,java.lang.String,java.lang.String)[pri:0, instance:com.itlearn.testcases.LoginTest@24fabd0f]" started-at="2024-07-03T13:50:04 ICT" name="verifyLogin" data-provider="loginDataProvider" finished-at="2024-07-03T13:50:06 ICT" duration-ms="2139" status="PASS">
          <params>
            <param index="0">
              <value>
                <![CDATA[ravi@dhiyotech.in]]>
              </value>
            </param>
            <param index="1">
              <value>
                <![CDATA[45]]>
              </value>
            </param>
            <param index="2">
              <value>
                <![CDATA[wrong pass]]>
              </value>
            </param>
          </params>
          <reporter-output>
          </reporter-output>
        </test-method> <!-- verifyLogin -->
        <test-method is-config="true" signature="tearDown()[pri:0, instance:com.itlearn.testcases.LoginTest@24fabd0f]" started-at="2024-07-03T13:50:06 ICT" name="tearDown" finished-at="2024-07-03T13:50:06 ICT" duration-ms="126" status="PASS">
          <reporter-output>
          </reporter-output>
        </test-method> <!-- tearDown -->
      </class> <!-- com.itlearn.testcases.LoginTest -->
    </test> <!-- C:/Users/ADMIN/IdeaProjects/ProjectElearning360 -->
  </suite> <!-- All Test Suite -->
</testng-results>
