<?xml version="1.0" encoding="UTF-8"?>
<testng-results ignored="0" total="10" passed="7" failed="1" skipped="2">
  <reporter-output>
  </reporter-output>
  <suite started-at="2024-07-02T20:42:50 ICT" name="All Test Suite" finished-at="2024-07-02T20:43:42 ICT" duration-ms="52028">
    <groups>
      <group name="loginSuccess">
        <method signature="SearchTest.trueAccountLogin()[pri:0, instance:com.itlearn.testcases.SearchTest@303a5119]" name="trueAccountLogin" class="com.itlearn.testcases.SearchTest"/>
      </group> <!-- loginSuccess -->
    </groups>
    <test started-at="2024-07-02T20:42:50 ICT" name="C:/Users/ADMIN/IdeaProjects/ProjectElearning360" finished-at="2024-07-02T20:43:42 ICT" duration-ms="52028">
      <class name="com.itlearn.testcases.SearchTest">
        <test-method is-config="true" signature="setUp()[pri:0, instance:com.itlearn.testcases.SearchTest@303a5119]" started-at="2024-07-02T20:42:50 ICT" name="setUp" finished-at="2024-07-02T20:42:54 ICT" duration-ms="4304" status="PASS">
          <reporter-output>
          </reporter-output>
        </test-method> <!-- setUp -->
        <test-method signature="demo()[pri:0, instance:com.itlearn.testcases.SearchTest@303a5119]" started-at="2024-07-02T20:42:54 ICT" name="demo" finished-at="2024-07-02T20:42:54 ICT" duration-ms="0" status="PASS">
          <reporter-output>
          </reporter-output>
        </test-method> <!-- demo -->
        <test-method signature="trueAccountLogin()[pri:0, instance:com.itlearn.testcases.SearchTest@303a5119]" started-at="2024-07-02T20:42:54 ICT" name="trueAccountLogin" finished-at="2024-07-02T20:43:15 ICT" duration-ms="20068" status="FAIL">
          <exception class="org.openqa.selenium.NoSuchElementException">
            <message>
              <![CDATA[no such element: Unable to locate element: {"method":"xpath","selector":"//a[@class='btn ml-3']"}
  (Session info: chrome=126.0.6478.127)
For documentation on this error, please visit: https://www.selenium.dev/documentation/webdriver/troubleshooting/errors#no-such-element-exception
Build info: version: '4.21.0', revision: '79ed462ef4'
System info: os.name: 'Windows 11', os.arch: 'amd64', os.version: '10.0', java.version: '11.0.20'
Driver info: org.openqa.selenium.chrome.ChromeDriver
Command: [09647f08f0365a1977ef376a61224b87, findElement {using=xpath, value=//a[@class='btn ml-3']}]
Capabilities {acceptInsecureCerts: false, browserName: chrome, browserVersion: 126.0.6478.127, chrome: {chromedriverVersion: 126.0.6478.126 (d36ace6122e..., userDataDir: C:\Users\ADMIN\AppData\Loca...}, fedcm:accounts: true, goog:chromeOptions: {debuggerAddress: localhost:54900}, networkConnectionEnabled: false, pageLoadStrategy: normal, platformName: windows, proxy: Proxy(), se:cdp: ws://localhost:54900/devtoo..., se:cdpVersion: 126.0.6478.127, setWindowRect: true, strictFileInteractability: false, timeouts: {implicit: 0, pageLoad: 300000, script: 30000}, unhandledPromptBehavior: dismiss and notify, webauthn:extension:credBlob: true, webauthn:extension:largeBlob: true, webauthn:extension:minPinLength: true, webauthn:extension:prf: true, webauthn:virtualAuthenticators: true}
Session ID: 09647f08f0365a1977ef376a61224b87]]>
            </message>
            <full-stacktrace>
              <![CDATA[org.openqa.selenium.NoSuchElementException: no such element: Unable to locate element: {"method":"xpath","selector":"//a[@class='btn ml-3']"}
  (Session info: chrome=126.0.6478.127)
For documentation on this error, please visit: https://www.selenium.dev/documentation/webdriver/troubleshooting/errors#no-such-element-exception
Build info: version: '4.21.0', revision: '79ed462ef4'
System info: os.name: 'Windows 11', os.arch: 'amd64', os.version: '10.0', java.version: '11.0.20'
Driver info: org.openqa.selenium.chrome.ChromeDriver
Command: [09647f08f0365a1977ef376a61224b87, findElement {using=xpath, value=//a[@class='btn ml-3']}]
Capabilities {acceptInsecureCerts: false, browserName: chrome, browserVersion: 126.0.6478.127, chrome: {chromedriverVersion: 126.0.6478.126 (d36ace6122e..., userDataDir: C:\Users\ADMIN\AppData\Loca...}, fedcm:accounts: true, goog:chromeOptions: {debuggerAddress: localhost:54900}, networkConnectionEnabled: false, pageLoadStrategy: normal, platformName: windows, proxy: Proxy(), se:cdp: ws://localhost:54900/devtoo..., se:cdpVersion: 126.0.6478.127, setWindowRect: true, strictFileInteractability: false, timeouts: {implicit: 0, pageLoad: 300000, script: 30000}, unhandledPromptBehavior: dismiss and notify, webauthn:extension:credBlob: true, webauthn:extension:largeBlob: true, webauthn:extension:minPinLength: true, webauthn:extension:prf: true, webauthn:virtualAuthenticators: true}
Session ID: 09647f08f0365a1977ef376a61224b87
at java.base/jdk.internal.reflect.NativeConstructorAccessorImpl.newInstance0(Native Method)
at java.base/jdk.internal.reflect.NativeConstructorAccessorImpl.newInstance(NativeConstructorAccessorImpl.java:62)
at java.base/jdk.internal.reflect.DelegatingConstructorAccessorImpl.newInstance(DelegatingConstructorAccessorImpl.java:45)
at java.base/java.lang.reflect.Constructor.newInstance(Constructor.java:490)
at org.openqa.selenium.remote.ErrorCodec.decode(ErrorCodec.java:167)
at org.openqa.selenium.remote.codec.w3c.W3CHttpResponseCodec.decode(W3CHttpResponseCodec.java:138)
at org.openqa.selenium.remote.codec.w3c.W3CHttpResponseCodec.decode(W3CHttpResponseCodec.java:50)
at org.openqa.selenium.remote.HttpCommandExecutor.execute(HttpCommandExecutor.java:190)
at org.openqa.selenium.remote.service.DriverCommandExecutor.invokeExecute(DriverCommandExecutor.java:216)
at org.openqa.selenium.remote.service.DriverCommandExecutor.execute(DriverCommandExecutor.java:174)
at org.openqa.selenium.remote.RemoteWebDriver.execute(RemoteWebDriver.java:518)
at org.openqa.selenium.remote.ElementLocation$ElementFinder$2.findElement(ElementLocation.java:165)
at org.openqa.selenium.remote.ElementLocation.findElement(ElementLocation.java:59)
at org.openqa.selenium.remote.RemoteWebDriver.findElement(RemoteWebDriver.java:355)
at org.openqa.selenium.remote.RemoteWebDriver.findElement(RemoteWebDriver.java:349)
at org.openqa.selenium.support.pagefactory.DefaultElementLocator.findElement(DefaultElementLocator.java:68)
at org.openqa.selenium.support.pagefactory.internal.LocatingElementHandler.invoke(LocatingElementHandler.java:38)
at com.sun.proxy.$Proxy16.click(Unknown Source)
at com.itlearn.pages.LoginPage.portalLogin(LoginPage.java:46)
at com.itlearn.testcases.SearchTest.trueAccountLogin(SearchTest.java:18)
at java.base/jdk.internal.reflect.NativeMethodAccessorImpl.invoke0(Native Method)
at java.base/jdk.internal.reflect.NativeMethodAccessorImpl.invoke(NativeMethodAccessorImpl.java:62)
at java.base/jdk.internal.reflect.DelegatingMethodAccessorImpl.invoke(DelegatingMethodAccessorImpl.java:43)
at java.base/java.lang.reflect.Method.invoke(Method.java:566)
at org.testng.internal.invokers.MethodInvocationHelper.invokeMethod(MethodInvocationHelper.java:141)
at org.testng.internal.invokers.TestInvoker.invokeMethod(TestInvoker.java:686)
at org.testng.internal.invokers.TestInvoker.invokeTestMethod(TestInvoker.java:230)
at org.testng.internal.invokers.MethodRunner.runInSequence(MethodRunner.java:63)
at org.testng.internal.invokers.TestInvoker$MethodInvocationAgent.invoke(TestInvoker.java:992)
at org.testng.internal.invokers.TestInvoker.invokeTestMethods(TestInvoker.java:203)
at org.testng.internal.invokers.TestMethodWorker.invokeTestMethods(TestMethodWorker.java:154)
at org.testng.internal.invokers.TestMethodWorker.run(TestMethodWorker.java:134)
at java.base/java.util.concurrent.Executors$RunnableAdapter.call(Executors.java:515)
at java.base/java.util.concurrent.FutureTask.run(FutureTask.java:264)
at org.testng.internal.thread.graph.TestNGFutureTask.run(TestNGFutureTask.java:22)
at java.base/java.util.concurrent.ThreadPoolExecutor.runWorker(ThreadPoolExecutor.java:1128)
at java.base/java.util.concurrent.ThreadPoolExecutor$Worker.run(ThreadPoolExecutor.java:628)
at java.base/java.lang.Thread.run(Thread.java:834)
]]>
            </full-stacktrace>
          </exception> <!-- org.openqa.selenium.NoSuchElementException -->
          <reporter-output>
          </reporter-output>
        </test-method> <!-- trueAccountLogin -->
        <test-method signature="verifySearch(java.lang.String)[pri:0, instance:com.itlearn.testcases.SearchTest@303a5119]" started-at="2024-07-02T20:43:15 ICT" name="verifySearch" finished-at="2024-07-02T20:43:15 ICT" depends-on-methods="com.itlearn.testcases.SearchTest.trueAccountLogin" duration-ms="0" status="SKIP">
          <exception class="java.lang.Throwable">
            <message>
              <![CDATA[Method com.itlearn.testcases.SearchTest.verifySearch() on instance com.itlearn.testcases.SearchTest@303a5119 depends on not successfully finished methods 
[com.itlearn.testcases.SearchTest.trueAccountLogin() on instance com.itlearn.testcases.SearchTest@303a5119]]]>
            </message>
            <full-stacktrace>
              <![CDATA[java.lang.Throwable: Method com.itlearn.testcases.SearchTest.verifySearch() on instance com.itlearn.testcases.SearchTest@303a5119 depends on not successfully finished methods 
[com.itlearn.testcases.SearchTest.trueAccountLogin() on instance com.itlearn.testcases.SearchTest@303a5119]
at org.testng.internal.invokers.TestInvoker.invokeTestMethods(TestInvoker.java:159)
at org.testng.internal.invokers.TestMethodWorker.invokeTestMethods(TestMethodWorker.java:154)
at org.testng.internal.invokers.TestMethodWorker.run(TestMethodWorker.java:134)
at java.base/java.util.concurrent.Executors$RunnableAdapter.call(Executors.java:515)
at java.base/java.util.concurrent.FutureTask.run(FutureTask.java:264)
at org.testng.internal.thread.graph.TestNGFutureTask.run(TestNGFutureTask.java:22)
at java.base/java.util.concurrent.ThreadPoolExecutor.runWorker(ThreadPoolExecutor.java:1128)
at java.base/java.util.concurrent.ThreadPoolExecutor$Worker.run(ThreadPoolExecutor.java:628)
at java.base/java.lang.Thread.run(Thread.java:834)
]]>
            </full-stacktrace>
          </exception> <!-- java.lang.Throwable -->
          <reporter-output>
          </reporter-output>
        </test-method> <!-- verifySearch -->
        <test-method signature="verifyText(java.lang.String)[pri:0, instance:com.itlearn.testcases.SearchTest@303a5119]" started-at="2024-07-02T20:43:15 ICT" name="verifyText" finished-at="2024-07-02T20:43:15 ICT" depends-on-methods="com.itlearn.testcases.SearchTest.trueAccountLogin" duration-ms="0" status="SKIP">
          <exception class="java.lang.Throwable">
            <message>
              <![CDATA[Method com.itlearn.testcases.SearchTest.verifyText() on instance com.itlearn.testcases.SearchTest@303a5119 depends on not successfully finished methods 
[com.itlearn.testcases.SearchTest.trueAccountLogin() on instance com.itlearn.testcases.SearchTest@303a5119]]]>
            </message>
            <full-stacktrace>
              <![CDATA[java.lang.Throwable: Method com.itlearn.testcases.SearchTest.verifyText() on instance com.itlearn.testcases.SearchTest@303a5119 depends on not successfully finished methods 
[com.itlearn.testcases.SearchTest.trueAccountLogin() on instance com.itlearn.testcases.SearchTest@303a5119]
at org.testng.internal.invokers.TestInvoker.invokeTestMethods(TestInvoker.java:159)
at org.testng.internal.invokers.TestMethodWorker.invokeTestMethods(TestMethodWorker.java:154)
at org.testng.internal.invokers.TestMethodWorker.run(TestMethodWorker.java:134)
at java.base/java.util.concurrent.Executors$RunnableAdapter.call(Executors.java:515)
at java.base/java.util.concurrent.FutureTask.run(FutureTask.java:264)
at org.testng.internal.thread.graph.TestNGFutureTask.run(TestNGFutureTask.java:22)
at java.base/java.util.concurrent.ThreadPoolExecutor.runWorker(ThreadPoolExecutor.java:1128)
at java.base/java.util.concurrent.ThreadPoolExecutor$Worker.run(ThreadPoolExecutor.java:628)
at java.base/java.lang.Thread.run(Thread.java:834)
]]>
            </full-stacktrace>
          </exception> <!-- java.lang.Throwable -->
          <reporter-output>
          </reporter-output>
        </test-method> <!-- verifyText -->
        <test-method is-config="true" signature="tearDown()[pri:0, instance:com.itlearn.testcases.SearchTest@303a5119]" started-at="2024-07-02T20:43:15 ICT" name="tearDown" finished-at="2024-07-02T20:43:15 ICT" duration-ms="133" status="PASS">
          <reporter-output>
          </reporter-output>
        </test-method> <!-- tearDown -->
      </class> <!-- com.itlearn.testcases.SearchTest -->
      <class name="com.itlearn.testcases.LoginTest">
        <test-method is-config="true" signature="setUp()[pri:0, instance:com.itlearn.testcases.LoginTest@56da52a7]" started-at="2024-07-02T20:42:50 ICT" name="setUp" finished-at="2024-07-02T20:43:02 ICT" duration-ms="11482" status="PASS">
          <reporter-output>
          </reporter-output>
        </test-method> <!-- setUp -->
        <test-method signature="verifyLogin(java.lang.String,java.lang.String,java.lang.String)[pri:0, instance:com.itlearn.testcases.LoginTest@56da52a7]" started-at="2024-07-02T20:43:02 ICT" name="verifyLogin" data-provider="loginDataProvider" finished-at="2024-07-02T20:43:15 ICT" duration-ms="13520" status="PASS">
          <params>
            <param index="0">
              <value>
                <![CDATA[ravi@dhiyotech.in]]>
              </value>
            </param>
            <param index="1">
              <value>
                <![CDATA[Demo]]>
              </value>
            </param>
            <param index="2">
              <value>
                <![CDATA[right]]>
              </value>
            </param>
          </params>
          <reporter-output>
          </reporter-output>
        </test-method> <!-- verifyLogin -->
        <test-method signature="verifyLogin(java.lang.String,java.lang.String,java.lang.String)[pri:0, instance:com.itlearn.testcases.LoginTest@56da52a7]" started-at="2024-07-02T20:43:15 ICT" name="verifyLogin" data-provider="loginDataProvider" finished-at="2024-07-02T20:43:20 ICT" duration-ms="4229" status="PASS">
          <params>
            <param index="0">
              <value>
                <![CDATA[infotek@solutions.com]]>
              </value>
            </param>
            <param index="1">
              <value>
                <![CDATA[Demo]]>
              </value>
            </param>
            <param index="2">
              <value>
                <![CDATA[wrong email]]>
              </value>
            </param>
          </params>
          <reporter-output>
          </reporter-output>
        </test-method> <!-- verifyLogin -->
        <test-method signature="verifyLogin(java.lang.String,java.lang.String,java.lang.String)[pri:0, instance:com.itlearn.testcases.LoginTest@56da52a7]" started-at="2024-07-02T20:43:20 ICT" name="verifyLogin" data-provider="loginDataProvider" finished-at="2024-07-02T20:43:24 ICT" duration-ms="4703" status="PASS">
          <params>
            <param index="0">
              <value>
                <![CDATA[ravi@dhiyotech.in]]>
              </value>
            </param>
            <param index="1">
              <value>
                <![CDATA[deno123]]>
              </value>
            </param>
            <param index="2">
              <value>
                <![CDATA[wrong pass]]>
              </value>
            </param>
          </params>
          <reporter-output>
          </reporter-output>
        </test-method> <!-- verifyLogin -->
        <test-method signature="verifyLogin(java.lang.String,java.lang.String,java.lang.String)[pri:0, instance:com.itlearn.testcases.LoginTest@56da52a7]" started-at="2024-07-02T20:43:24 ICT" name="verifyLogin" data-provider="loginDataProvider" finished-at="2024-07-02T20:43:30 ICT" duration-ms="5172" status="PASS">
          <params>
            <param index="0">
              <value>
                <![CDATA[ravi@dhiyotech.in]]>
              </value>
            </param>
            <param index="1">
              <value>
                <![CDATA[]]>
              </value>
            </param>
            <param index="2">
              <value>
                <![CDATA[wrong pass]]>
              </value>
            </param>
          </params>
          <reporter-output>
          </reporter-output>
        </test-method> <!-- verifyLogin -->
        <test-method signature="verifyLogin(java.lang.String,java.lang.String,java.lang.String)[pri:0, instance:com.itlearn.testcases.LoginTest@56da52a7]" started-at="2024-07-02T20:43:30 ICT" name="verifyLogin" data-provider="loginDataProvider" finished-at="2024-07-02T20:43:35 ICT" duration-ms="5949" status="PASS">
          <params>
            <param index="0">
              <value>
                <![CDATA[ravi@dhiyotech.in]]>
              </value>
            </param>
            <param index="1">
              <value>
                <![CDATA[123]]>
              </value>
            </param>
            <param index="2">
              <value>
                <![CDATA[wrong pass]]>
              </value>
            </param>
          </params>
          <reporter-output>
          </reporter-output>
        </test-method> <!-- verifyLogin -->
        <test-method signature="verifyLogin(java.lang.String,java.lang.String,java.lang.String)[pri:0, instance:com.itlearn.testcases.LoginTest@56da52a7]" started-at="2024-07-02T20:43:35 ICT" name="verifyLogin" data-provider="loginDataProvider" finished-at="2024-07-02T20:43:42 ICT" duration-ms="6363" status="PASS">
          <params>
            <param index="0">
              <value>
                <![CDATA[ravi@dhiyotech.in]]>
              </value>
            </param>
            <param index="1">
              <value>
                <![CDATA[45]]>
              </value>
            </param>
            <param index="2">
              <value>
                <![CDATA[wrong pass]]>
              </value>
            </param>
          </params>
          <reporter-output>
          </reporter-output>
        </test-method> <!-- verifyLogin -->
        <test-method is-config="true" signature="tearDown()[pri:0, instance:com.itlearn.testcases.LoginTest@56da52a7]" started-at="2024-07-02T20:43:42 ICT" name="tearDown" finished-at="2024-07-02T20:43:42 ICT" duration-ms="129" status="PASS">
          <reporter-output>
          </reporter-output>
        </test-method> <!-- tearDown -->
      </class> <!-- com.itlearn.testcases.LoginTest -->
    </test> <!-- C:/Users/ADMIN/IdeaProjects/ProjectElearning360 -->
  </suite> <!-- All Test Suite -->
</testng-results>
