<?xml version="1.0" encoding="UTF-8"?>
<testng-results ignored="0" total="6" passed="6" failed="0" skipped="0">
  <reporter-output>
  </reporter-output>
  <suite started-at="2024-07-08T20:38:57 ICT" name="All Test Suite" finished-at="2024-07-08T20:39:24 ICT" duration-ms="26955">
    <groups>
    </groups>
    <test started-at="2024-07-08T20:38:57 ICT" name="C:/Users/ADMIN/IdeaProjects/ProjectElearning360" finished-at="2024-07-08T20:39:24 ICT" duration-ms="26955">
      <class name="com.itlearn.testcases.LoginTest">
        <test-method is-config="true" signature="setUp()[pri:0, instance:com.itlearn.testcases.LoginTest@30b2b76f]" started-at="2024-07-08T20:38:58 ICT" name="setUp" finished-at="2024-07-08T20:39:07 ICT" duration-ms="9740" status="PASS">
          <reporter-output>
          </reporter-output>
        </test-method> <!-- setUp -->
        <test-method signature="verifyLogin(java.lang.String,java.lang.String,java.lang.String)[pri:0, instance:com.itlearn.testcases.LoginTest@30b2b76f]" started-at="2024-07-08T20:39:08 ICT" name="verifyLogin" data-provider="loginDataProvider" finished-at="2024-07-08T20:39:13 ICT" duration-ms="5316" status="PASS">
          <params>
            <param index="0">
              <value>
                <![CDATA[ravi@dhiyotech.in]]>
              </value>
            </param>
            <param index="1">
              <value>
                <![CDATA[Demo]]>
              </value>
            </param>
            <param index="2">
              <value>
                <![CDATA[right]]>
              </value>
            </param>
          </params>
          <reporter-output>
          </reporter-output>
        </test-method> <!-- verifyLogin -->
        <test-method signature="verifyLogin(java.lang.String,java.lang.String,java.lang.String)[pri:0, instance:com.itlearn.testcases.LoginTest@30b2b76f]" started-at="2024-07-08T20:39:13 ICT" name="verifyLogin" data-provider="loginDataProvider" finished-at="2024-07-08T20:39:15 ICT" duration-ms="2202" status="PASS">
          <params>
            <param index="0">
              <value>
                <![CDATA[infotek@solutions.com]]>
              </value>
            </param>
            <param index="1">
              <value>
                <![CDATA[Demo]]>
              </value>
            </param>
            <param index="2">
              <value>
                <![CDATA[wrong email]]>
              </value>
            </param>
          </params>
          <reporter-output>
          </reporter-output>
        </test-method> <!-- verifyLogin -->
        <test-method signature="verifyLogin(java.lang.String,java.lang.String,java.lang.String)[pri:0, instance:com.itlearn.testcases.LoginTest@30b2b76f]" started-at="2024-07-08T20:39:15 ICT" name="verifyLogin" data-provider="loginDataProvider" finished-at="2024-07-08T20:39:18 ICT" duration-ms="2515" status="PASS">
          <params>
            <param index="0">
              <value>
                <![CDATA[ravi@dhiyotech.in]]>
              </value>
            </param>
            <param index="1">
              <value>
                <![CDATA[deno123]]>
              </value>
            </param>
            <param index="2">
              <value>
                <![CDATA[wrong pass]]>
              </value>
            </param>
          </params>
          <reporter-output>
          </reporter-output>
        </test-method> <!-- verifyLogin -->
        <test-method signature="verifyLogin(java.lang.String,java.lang.String,java.lang.String)[pri:0, instance:com.itlearn.testcases.LoginTest@30b2b76f]" started-at="2024-07-08T20:39:18 ICT" name="verifyLogin" data-provider="loginDataProvider" finished-at="2024-07-08T20:39:20 ICT" duration-ms="2265" status="PASS">
          <params>
            <param index="0">
              <value>
                <![CDATA[ravi@dhiyotech.in]]>
              </value>
            </param>
            <param index="1">
              <value>
                <![CDATA[]]>
              </value>
            </param>
            <param index="2">
              <value>
                <![CDATA[wrong pass]]>
              </value>
            </param>
          </params>
          <reporter-output>
          </reporter-output>
        </test-method> <!-- verifyLogin -->
        <test-method signature="verifyLogin(java.lang.String,java.lang.String,java.lang.String)[pri:0, instance:com.itlearn.testcases.LoginTest@30b2b76f]" started-at="2024-07-08T20:39:20 ICT" name="verifyLogin" data-provider="loginDataProvider" finished-at="2024-07-08T20:39:22 ICT" duration-ms="2167" status="PASS">
          <params>
            <param index="0">
              <value>
                <![CDATA[ravi@dhiyotech.in]]>
              </value>
            </param>
            <param index="1">
              <value>
                <![CDATA[123]]>
              </value>
            </param>
            <param index="2">
              <value>
                <![CDATA[wrong pass]]>
              </value>
            </param>
          </params>
          <reporter-output>
          </reporter-output>
        </test-method> <!-- verifyLogin -->
        <test-method signature="verifyLogin(java.lang.String,java.lang.String,java.lang.String)[pri:0, instance:com.itlearn.testcases.LoginTest@30b2b76f]" started-at="2024-07-08T20:39:22 ICT" name="verifyLogin" data-provider="loginDataProvider" finished-at="2024-07-08T20:39:24 ICT" duration-ms="2121" status="PASS">
          <params>
            <param index="0">
              <value>
                <![CDATA[ravi@dhiyotech.in]]>
              </value>
            </param>
            <param index="1">
              <value>
                <![CDATA[45]]>
              </value>
            </param>
            <param index="2">
              <value>
                <![CDATA[wrong pass]]>
              </value>
            </param>
          </params>
          <reporter-output>
          </reporter-output>
        </test-method> <!-- verifyLogin -->
        <test-method is-config="true" signature="tearDown()[pri:0, instance:com.itlearn.testcases.LoginTest@30b2b76f]" started-at="2024-07-08T20:39:24 ICT" name="tearDown" finished-at="2024-07-08T20:39:24 ICT" duration-ms="102" status="PASS">
          <reporter-output>
          </reporter-output>
        </test-method> <!-- tearDown -->
      </class> <!-- com.itlearn.testcases.LoginTest -->
    </test> <!-- C:/Users/ADMIN/IdeaProjects/ProjectElearning360 -->
  </suite> <!-- All Test Suite -->
</testng-results>
